<?xml version="1.0" encoding="UTF-8"?>
<testng-results skipped="0" failed="0" total="4" passed="4">
  <reporter-output>
  </reporter-output>
  <suite name="Parallel test suite" duration-ms="6307" started-at="2016-11-18T14:55:06Z" finished-at="2016-11-18T14:55:12Z">
    <groups>
    </groups>
    <test name="Ffox" duration-ms="2508" started-at="2016-11-18T14:55:06Z" finished-at="2016-11-18T14:55:09Z">
      <class name="com.fc572.TestParallel">
        <test-method status="PASS" signature="beforeTest(java.lang.String)[pri:0, instance:com.fc572.TestParallel@2669b199]" name="beforeTest" is-config="true" duration-ms="782" started-at="2016-11-18T14:55:06Z" finished-at="2016-11-18T14:55:07Z">
          <params>
            <param index="0">
              <value>
                <![CDATA[chrome]]>
              </value>
            </param>
          </params>
          <reporter-output>
          </reporter-output>
        </test-method> <!-- beforeTest -->
        <test-method status="PASS" signature="test_01()[pri:0, instance:com.fc572.TestParallel@2669b199]" name="test_01" duration-ms="795" started-at="2016-11-18T14:55:07Z" finished-at="2016-11-18T14:55:08Z">
          <reporter-output>
          </reporter-output>
        </test-method> <!-- test_01 -->
        <test-method status="PASS" signature="thisIsATest()[pri:0, instance:com.fc572.TestParallel@2669b199]" name="thisIsATest" duration-ms="770" started-at="2016-11-18T14:55:08Z" finished-at="2016-11-18T14:55:08Z">
          <reporter-output>
          </reporter-output>
        </test-method> <!-- thisIsATest -->
        <test-method status="PASS" signature="afterTest()[pri:0, instance:com.fc572.TestParallel@2669b199]" name="afterTest" is-config="true" duration-ms="148" started-at="2016-11-18T14:55:08Z" finished-at="2016-11-18T14:55:09Z">
          <reporter-output>
          </reporter-output>
        </test-method> <!-- afterTest -->
      </class> <!-- com.fc572.TestParallel -->
    </test> <!-- Ffox -->
    <test name="chrome" duration-ms="3769" started-at="2016-11-18T14:55:09Z" finished-at="2016-11-18T14:55:12Z">
      <class name="com.fc572.TestParallel">
        <test-method status="PASS" signature="beforeTest(java.lang.String)[pri:0, instance:com.fc572.TestParallel@1810399e]" name="beforeTest" is-config="true" duration-ms="2483" started-at="2016-11-18T14:55:09Z" finished-at="2016-11-18T14:55:11Z">
          <params>
            <param index="0">
              <value>
                <![CDATA[firefox]]>
              </value>
            </param>
          </params>
          <reporter-output>
          </reporter-output>
        </test-method> <!-- beforeTest -->
        <test-method status="PASS" signature="test_01()[pri:0, instance:com.fc572.TestParallel@1810399e]" name="test_01" duration-ms="718" started-at="2016-11-18T14:55:11Z" finished-at="2016-11-18T14:55:12Z">
          <reporter-output>
          </reporter-output>
        </test-method> <!-- test_01 -->
        <test-method status="PASS" signature="thisIsATest()[pri:0, instance:com.fc572.TestParallel@1810399e]" name="thisIsATest" duration-ms="474" started-at="2016-11-18T14:55:12Z" finished-at="2016-11-18T14:55:12Z">
          <reporter-output>
          </reporter-output>
        </test-method> <!-- thisIsATest -->
        <test-method status="PASS" signature="afterTest()[pri:0, instance:com.fc572.TestParallel@1810399e]" name="afterTest" is-config="true" duration-ms="92" started-at="2016-11-18T14:55:12Z" finished-at="2016-11-18T14:55:12Z">
          <reporter-output>
          </reporter-output>
        </test-method> <!-- afterTest -->
      </class> <!-- com.fc572.TestParallel -->
    </test> <!-- chrome -->
  </suite> <!-- Parallel test suite -->
</testng-results>
